0 info it worked if it ends with ok
1 verbose cli [ '/Users/jeremypbeasley/.nvm/versions/node/v6.9.1/bin/node',
1 verbose cli   '/Users/jeremypbeasley/.nvm/versions/node/v6.9.1/bin/npm',
1 verbose cli   'install',
1 verbose cli   'https://github.com/jeremypbeasley/canlis_j.git' ]
2 info using npm@4.1.1
3 info using node@v6.9.1
4 silly loadCurrentTree Starting
5 silly install loadCurrentTree
6 silly install readLocalPackageData
7 silly fetchPackageMetaData https://github.com/jeremypbeasley/canlis_j.git
8 silly fetchOtherPackageData https://github.com/jeremypbeasley/canlis_j.git
9 silly cache add args [ 'https://github.com/jeremypbeasley/canlis_j.git', null ]
10 verbose cache add spec https://github.com/jeremypbeasley/canlis_j.git
11 silly cache add parsed spec Result {
11 silly cache add   raw: 'https://github.com/jeremypbeasley/canlis_j.git',
11 silly cache add   scope: null,
11 silly cache add   escapedName: null,
11 silly cache add   name: null,
11 silly cache add   rawSpec: 'https://github.com/jeremypbeasley/canlis_j.git',
11 silly cache add   spec: 'git+https://github.com/jeremypbeasley/canlis_j.git',
11 silly cache add   type: 'hosted',
11 silly cache add   hosted:
11 silly cache add    { type: 'github',
11 silly cache add      ssh: 'git@github.com:jeremypbeasley/canlis_j.git',
11 silly cache add      sshUrl: 'git+ssh://git@github.com/jeremypbeasley/canlis_j.git',
11 silly cache add      httpsUrl: 'git+https://github.com/jeremypbeasley/canlis_j.git',
11 silly cache add      gitUrl: 'git://github.com/jeremypbeasley/canlis_j.git',
11 silly cache add      shortcut: 'github:jeremypbeasley/canlis_j',
11 silly cache add      directUrl: 'https://raw.githubusercontent.com/jeremypbeasley/canlis_j/master/package.json' } }
12 verbose addRemoteGit caching https://github.com/jeremypbeasley/canlis_j.git
13 verbose addRemoteGit git+https://github.com/jeremypbeasley/canlis_j.git is a repository hosted by github
14 silly tryClone cloning git+https://github.com/jeremypbeasley/canlis_j.git via git+https://github.com/jeremypbeasley/canlis_j.git
15 verbose tryClone git-https-github-com-jeremypbeasley-canlis-j-git-3637fb20 not in flight; caching
16 verbose correctMkdir /Users/jeremypbeasley/.npm/_git-remotes correctMkdir not in flight; initializing
17 info git [ 'clone',
17 info git   '--template=/Users/jeremypbeasley/.npm/_git-remotes/_templates',
17 info git   '--mirror',
17 info git   'https://github.com/jeremypbeasley/canlis_j.git',
17 info git   '/Users/jeremypbeasley/.npm/_git-remotes/git-https-github-com-jeremypbeasley-canlis-j-git-3637fb20' ]
18 verbose mirrorRemote git+https://github.com/jeremypbeasley/canlis_j.git git clone https://github.com/jeremypbeasley/canlis_j.git
19 verbose correctMkdir /Users/jeremypbeasley/.npm/_git-remotes correctMkdir not in flight; initializing
20 verbose setPermissions git+https://github.com/jeremypbeasley/canlis_j.git set permissions on /Users/jeremypbeasley/.npm/_git-remotes/git-https-github-com-jeremypbeasley-canlis-j-git-3637fb20
21 verbose resolveHead git+https://github.com/jeremypbeasley/canlis_j.git original treeish: master
22 info git [ 'rev-list', '-n1', 'master' ]
23 silly resolveHead git+https://github.com/jeremypbeasley/canlis_j.git resolved treeish: 3f6b37e183477a2ea334e257e7b7cb636d61c768
24 verbose resolveHead git+https://github.com/jeremypbeasley/canlis_j.git resolved Git URL: git+https://github.com/jeremypbeasley/canlis_j.git#3f6b37e183477a2ea334e257e7b7cb636d61c768
25 silly resolveHead Git working directory: /var/folders/59/wss9173x7f1_gvbpbg2pmf1m0000gn/T/npm-50659-1e2421cc/git-cache-10ba4517/3f6b37e183477a2ea334e257e7b7cb636d61c768
26 info git [ 'clone',
26 info git   '/Users/jeremypbeasley/.npm/_git-remotes/git-https-github-com-jeremypbeasley-canlis-j-git-3637fb20',
26 info git   '/var/folders/59/wss9173x7f1_gvbpbg2pmf1m0000gn/T/npm-50659-1e2421cc/git-cache-10ba4517/3f6b37e183477a2ea334e257e7b7cb636d61c768' ]
27 verbose cloneResolved git+https://github.com/jeremypbeasley/canlis_j.git clone Cloning into '/var/folders/59/wss9173x7f1_gvbpbg2pmf1m0000gn/T/npm-50659-1e2421cc/git-cache-10ba4517/3f6b37e183477a2ea334e257e7b7cb636d61c768'...
27 verbose cloneResolved done.
28 info git [ 'checkout', '3f6b37e183477a2ea334e257e7b7cb636d61c768' ]
29 verbose checkoutTreeish git+https://github.com/jeremypbeasley/canlis_j.git checkout Note: checking out '3f6b37e183477a2ea334e257e7b7cb636d61c768'.
29 verbose checkoutTreeish
29 verbose checkoutTreeish You are in 'detached HEAD' state. You can look around, make experimental
29 verbose checkoutTreeish changes and commit them, and you can discard any commits you make in this
29 verbose checkoutTreeish state without impacting any branches by performing another checkout.
29 verbose checkoutTreeish
29 verbose checkoutTreeish If you want to create a new branch to retain commits you create, you may
29 verbose checkoutTreeish do so (now or later) by using -b with the checkout command again. Example:
29 verbose checkoutTreeish
29 verbose checkoutTreeish   git checkout -b <new-branch-name>
29 verbose checkoutTreeish
29 verbose checkoutTreeish HEAD is now at 3f6b37e... Updated People
30 info git [ 'submodule', '-q', 'update', '--init', '--recursive' ]
31 verbose updateSubmodules git+https://github.com/jeremypbeasley/canlis_j.git submodule update
32 verbose addLocalDirectory /Users/jeremypbeasley/.npm/Canlis/1.0.0/package.tgz not in flight; packing
33 verbose correctMkdir /Users/jeremypbeasley/.npm correctMkdir not in flight; initializing
34 verbose tar pack [ '/Users/jeremypbeasley/.npm/Canlis/1.0.0/package.tgz',
34 verbose tar pack   '/var/folders/59/wss9173x7f1_gvbpbg2pmf1m0000gn/T/npm-50659-1e2421cc/git-cache-10ba4517/3f6b37e183477a2ea334e257e7b7cb636d61c768' ]
35 verbose tarball /Users/jeremypbeasley/.npm/Canlis/1.0.0/package.tgz
36 verbose folder /var/folders/59/wss9173x7f1_gvbpbg2pmf1m0000gn/T/npm-50659-1e2421cc/git-cache-10ba4517/3f6b37e183477a2ea334e257e7b7cb636d61c768
37 verbose addLocalTarball adding from inside cache /Users/jeremypbeasley/.npm/Canlis/1.0.0/package.tgz
38 verbose correctMkdir /Users/jeremypbeasley/.npm correctMkdir not in flight; initializing
39 verbose addRemoteGit data._from: git+https://github.com/jeremypbeasley/canlis_j.git
40 verbose addRemoteGit data._resolved: git+https://github.com/jeremypbeasley/canlis_j.git#3f6b37e183477a2ea334e257e7b7cb636d61c768
41 silly cache afterAdd Canlis@1.0.0
42 verbose afterAdd /Users/jeremypbeasley/.npm/Canlis/1.0.0/package/package.json not in flight; writing
43 verbose correctMkdir /Users/jeremypbeasley/.npm correctMkdir not in flight; initializing
44 verbose afterAdd /Users/jeremypbeasley/.npm/Canlis/1.0.0/package/package.json written
45 silly install normalizeTree
46 silly loadCurrentTree Finishing
47 silly loadIdealTree Starting
48 silly install loadIdealTree
49 silly cloneCurrentTree Starting
50 silly install cloneCurrentTreeToIdealTree
51 silly cloneCurrentTree Finishing
52 silly loadShrinkwrap Starting
53 silly install loadShrinkwrap
54 silly loadShrinkwrap Finishing
55 silly loadAllDepsIntoIdealTree Starting
56 silly install loadAllDepsIntoIdealTree
57 silly rollbackFailedOptional Starting
58 silly rollbackFailedOptional Finishing
59 silly runTopLevelLifecycles Finishing
60 silly install printInstalled
61 verbose stack Error: Refusing to install package with name "Canlis" under a package
61 verbose stack also called "Canlis". Did you name your project the same
61 verbose stack as the dependency you're installing?
61 verbose stack
61 verbose stack For more information, see:
61 verbose stack     <https://docs.npmjs.com/cli/install#limitations-of-npms-install-algorithm>
61 verbose stack     at checkSelf (/Users/jeremypbeasley/.nvm/versions/node/v6.9.1/lib/node_modules/npm/lib/install/validate-args.js:53:14)
61 verbose stack     at Array.<anonymous> (/Users/jeremypbeasley/.nvm/versions/node/v6.9.1/lib/node_modules/npm/node_modules/slide/lib/bind-actor.js:15:8)
61 verbose stack     at LOOP (/Users/jeremypbeasley/.nvm/versions/node/v6.9.1/lib/node_modules/npm/node_modules/slide/lib/chain.js:15:14)
61 verbose stack     at chain (/Users/jeremypbeasley/.nvm/versions/node/v6.9.1/lib/node_modules/npm/node_modules/slide/lib/chain.js:20:5)
61 verbose stack     at /Users/jeremypbeasley/.nvm/versions/node/v6.9.1/lib/node_modules/npm/lib/install/validate-args.js:16:5
61 verbose stack     at /Users/jeremypbeasley/.nvm/versions/node/v6.9.1/lib/node_modules/npm/node_modules/slide/lib/async-map.js:52:35
61 verbose stack     at Array.forEach (native)
61 verbose stack     at /Users/jeremypbeasley/.nvm/versions/node/v6.9.1/lib/node_modules/npm/node_modules/slide/lib/async-map.js:52:11
61 verbose stack     at Array.forEach (native)
61 verbose stack     at asyncMap (/Users/jeremypbeasley/.nvm/versions/node/v6.9.1/lib/node_modules/npm/node_modules/slide/lib/async-map.js:51:8)
62 verbose cwd /Users/jeremypbeasley/code/canlis_stripe
63 error Darwin 15.0.0
64 error argv "/Users/jeremypbeasley/.nvm/versions/node/v6.9.1/bin/node" "/Users/jeremypbeasley/.nvm/versions/node/v6.9.1/bin/npm" "install" "https://github.com/jeremypbeasley/canlis_j.git"
65 error node v6.9.1
66 error npm  v4.1.1
67 error code ENOSELF
68 error Refusing to install package with name "Canlis" under a package
68 error also called "Canlis". Did you name your project the same
68 error as the dependency you're installing?
68 error
68 error For more information, see:
68 error     <https://docs.npmjs.com/cli/install#limitations-of-npms-install-algorithm>
69 error If you need help, you may report this error at:
69 error     <https://github.com/npm/npm/issues>
70 verbose exit [ 1, true ]
